<?xml version="1.0" encoding="UTF-8"?>
<!-- Generated by org.testng.reporters.JUnitReportReporter -->
<testsuite skipped="0" hostname="DESKTOP-OL55RRN" name="JH.A" tests="1" failures="0" timestamp="14 Mar 2018 00:36:33 GMT" time="0.042" errors="0">
  <testcase name="run" time="0.042" classname="JH.A"/>
</testsuite> <!-- JH.A -->
